<?xml version="1.0" encoding="UTF-8"?>
<testsuite xmlns:xsi="http://www.w3.org/2001/XMLSchema-instance" xsi:noNamespaceSchemaLocation="https://maven.apache.org/surefire/maven-surefire-plugin/xsd/surefire-test-report.xsd" name="runner.regression.RegressionTest" time="13.555" tests="1" errors="1" skipped="0" failures="0">
  <properties>
    <property name="java.runtime.name" value="Java(TM) SE Runtime Environment"/>
    <property name="sun.boot.library.path" value="/Library/Java/JavaVirtualMachines/jdk1.8.0_261.jdk/Contents/Home/jre/lib"/>
    <property name="java.vm.version" value="25.261-b12"/>
    <property name="gopherProxySet" value="false"/>
    <property name="java.vm.vendor" value="Oracle Corporation"/>
    <property name="maven.multiModuleProjectDirectory" value="/Users/sakthy/study/automation"/>
    <property name="java.vendor.url" value="http://java.oracle.com/"/>
    <property name="path.separator" value=":"/>
    <property name="guice.disable.misplaced.annotation.check" value="true"/>
    <property name="java.vm.name" value="Java HotSpot(TM) 64-Bit Server VM"/>
    <property name="file.encoding.pkg" value="sun.io"/>
    <property name="user.country" value="IN"/>
    <property name="sun.java.launcher" value="SUN_STANDARD"/>
    <property name="sun.os.patch.level" value="unknown"/>
    <property name="java.vm.specification.name" value="Java Virtual Machine Specification"/>
    <property name="user.dir" value="/Users/sakthy/study/automation"/>
    <property name="java.runtime.version" value="1.8.0_261-b12"/>
    <property name="java.awt.graphicsenv" value="sun.awt.CGraphicsEnvironment"/>
    <property name="java.endorsed.dirs" value="/Library/Java/JavaVirtualMachines/jdk1.8.0_261.jdk/Contents/Home/jre/lib/endorsed"/>
    <property name="os.arch" value="x86_64"/>
    <property name="java.io.tmpdir" value="/var/folders/bc/gkqq_lss4hv8g9_8sjhr1h2w0000gn/T/"/>
    <property name="line.separator" value="&#10;"/>
    <property name="java.vm.specification.vendor" value="Oracle Corporation"/>
    <property name="os.name" value="Mac OS X"/>
    <property name="classworlds.conf" value="/Users/sakthy/javaTools/apache-maven-3.6.3/bin/m2.conf"/>
    <property name="sun.jnu.encoding" value="UTF-8"/>
    <property name="java.library.path" value="/Users/sakthy/Library/Java/Extensions:/Library/Java/Extensions:/Network/Library/Java/Extensions:/System/Library/Java/Extensions:/usr/lib/java:."/>
    <property name="maven.conf" value="/Users/sakthy/javaTools/apache-maven-3.6.3/conf"/>
    <property name="java.specification.name" value="Java Platform API Specification"/>
    <property name="java.class.version" value="52.0"/>
    <property name="sun.management.compiler" value="HotSpot 64-Bit Tiered Compilers"/>
    <property name="os.version" value="10.15.7"/>
    <property name="library.jansi.path" value="/Users/sakthy/javaTools/apache-maven-3.6.3/lib/jansi-native"/>
    <property name="http.nonProxyHosts" value="local|*.local|169.254/16|*.169.254/16"/>
    <property name="user.home" value="/Users/sakthy"/>
    <property name="user.timezone" value="Asia/Dubai"/>
    <property name="java.awt.printerjob" value="sun.lwawt.macosx.CPrinterJob"/>
    <property name="java.specification.version" value="1.8"/>
    <property name="file.encoding" value="US-ASCII"/>
    <property name="user.name" value="sakthy"/>
    <property name="java.class.path" value="/Users/sakthy/javaTools/apache-maven-3.6.3/boot/plexus-classworlds-2.6.0.jar"/>
    <property name="java.vm.specification.version" value="1.8"/>
    <property name="sun.arch.data.model" value="64"/>
    <property name="java.home" value="/Library/Java/JavaVirtualMachines/jdk1.8.0_261.jdk/Contents/Home/jre"/>
    <property name="sun.java.command" value="org.codehaus.plexus.classworlds.launcher.Launcher -B -f pom.xml test -P testing -Dtest.tagNames=regression"/>
    <property name="java.specification.vendor" value="Oracle Corporation"/>
    <property name="user.language" value="en"/>
    <property name="awt.toolkit" value="sun.lwawt.macosx.LWCToolkit"/>
    <property name="java.vm.info" value="mixed mode"/>
    <property name="java.version" value="1.8.0_261"/>
    <property name="test.tagNames" value="regression"/>
    <property name="java.ext.dirs" value="/Users/sakthy/Library/Java/Extensions:/Library/Java/JavaVirtualMachines/jdk1.8.0_261.jdk/Contents/Home/jre/lib/ext:/Library/Java/Extensions:/Network/Library/Java/Extensions:/System/Library/Java/Extensions:/usr/lib/java"/>
    <property name="sun.boot.class.path" value="/Library/Java/JavaVirtualMachines/jdk1.8.0_261.jdk/Contents/Home/jre/lib/resources.jar:/Library/Java/JavaVirtualMachines/jdk1.8.0_261.jdk/Contents/Home/jre/lib/rt.jar:/Library/Java/JavaVirtualMachines/jdk1.8.0_261.jdk/Contents/Home/jre/lib/sunrsasign.jar:/Library/Java/JavaVirtualMachines/jdk1.8.0_261.jdk/Contents/Home/jre/lib/jsse.jar:/Library/Java/JavaVirtualMachines/jdk1.8.0_261.jdk/Contents/Home/jre/lib/jce.jar:/Library/Java/JavaVirtualMachines/jdk1.8.0_261.jdk/Contents/Home/jre/lib/charsets.jar:/Library/Java/JavaVirtualMachines/jdk1.8.0_261.jdk/Contents/Home/jre/lib/jfr.jar:/Library/Java/JavaVirtualMachines/jdk1.8.0_261.jdk/Contents/Home/jre/classes"/>
    <property name="java.vendor" value="Oracle Corporation"/>
    <property name="maven.home" value="/Users/sakthy/javaTools/apache-maven-3.6.3"/>
    <property name="file.separator" value="/"/>
    <property name="java.vendor.url.bug" value="http://bugreport.sun.com/bugreport/"/>
    <property name="sun.cpu.endian" value="little"/>
    <property name="sun.io.unicode.encoding" value="UnicodeBig"/>
    <property name="socksNonProxyHosts" value="local|*.local|169.254/16|*.169.254/16"/>
    <property name="ftp.nonProxyHosts" value="local|*.local|169.254/16|*.169.254/16"/>
    <property name="sun.cpu.isalist" value=""/>
  </properties>
  <testcase name="To verify the response structure" classname="Get AutoComplete" time="12.93">
    <error message="Unrecognized field &quot;thumbnail_url&quot; (class com.tajawel.autocomplete.response.pojo.Hotel), not marked as ignorable (10 known properties: &quot;isActive&quot;, &quot;thumbnailUrl&quot;, &quot;country&quot;, &quot;additionalProperties&quot;, &quot;name&quot;, &quot;displayType&quot;, &quot;hotelId&quot;, &quot;city&quot;, &quot;latitude&quot;, &quot;longitude&quot;])&#10; at [Source: (String)&quot;{&quot;locations&quot;:[{&quot;name&quot;:&quot;Chennai&quot;,&quot;city&quot;:&quot;Tamil Nadu&quot;,&quot;country&quot;:&quot;India&quot;,&quot;displayType&quot;:&quot;Location&quot;,&quot;placeId&quot;:&quot;ChIJYTN9T-plUjoRM9RjaAunYW4&quot;,&quot;source&quot;:&quot;google&quot;,&quot;googleType&quot;:{&quot;typeNameEn&quot;:&quot;City&quot;,&quot;typeNameAr&quot;:&quot;مدينة&quot;}},{&quot;name&quot;:&quot;Chernobyl&quot;,&quot;city&quot;:&quot;Kyiv Oblast&quot;,&quot;country&quot;:&quot;Ukraine&quot;,&quot;displayType&quot;:&quot;Location&quot;,&quot;placeId&quot;:&quot;ChIJz6uY6ACPKkcRLF3926vOvBQ&quot;,&quot;source&quot;:&quot;google&quot;,&quot;googleType&quot;:{&quot;typeNameEn&quot;:&quot;City&quot;,&quot;typeNameAr&quot;:&quot;مدينة&quot;}},{&quot;name&quot;:&quot;Chemnitz&quot;,&quot;city&quot;:&quot;Chemnitz&quot;,&quot;country&quot;:&quot;Germany&quot;,&quot;displayType&quot;:&quot;Location&quot;,&quot;placeI&quot;[truncated 1882 chars]; line: 1, column: 1113] (through reference chain: com.tajawel.autocomplete.response.pojo.AutoCompletResponse[&quot;hotels&quot;]-&gt;java.util.ArrayList[0]-&gt;com.tajawel.autocomplete.response.pojo.Hotel[&quot;thumbnail_url&quot;])" type="io.cucumber.datatable.dependency.com.fasterxml.jackson.databind.exc.UnrecognizedPropertyException">io.cucumber.datatable.dependency.com.fasterxml.jackson.databind.exc.UnrecognizedPropertyException: 
Unrecognized field "thumbnail_url" (class com.tajawel.autocomplete.response.pojo.Hotel), not marked as ignorable (10 known properties: "isActive", "thumbnailUrl", "country", "additionalProperties", "name", "displayType", "hotelId", "city", "latitude", "longitude"])
 at [Source: (String)"{"locations":[{"name":"Chennai","city":"Tamil Nadu","country":"India","displayType":"Location","placeId":"ChIJYTN9T-plUjoRM9RjaAunYW4","source":"google","googleType":{"typeNameEn":"City","typeNameAr":"مدينة"}},{"name":"Chernobyl","city":"Kyiv Oblast","country":"Ukraine","displayType":"Location","placeId":"ChIJz6uY6ACPKkcRLF3926vOvBQ","source":"google","googleType":{"typeNameEn":"City","typeNameAr":"مدينة"}},{"name":"Chemnitz","city":"Chemnitz","country":"Germany","displayType":"Location","placeI"[truncated 1882 chars]; line: 1, column: 1113] (through reference chain: com.tajawel.autocomplete.response.pojo.AutoCompletResponse["hotels"]->java.util.ArrayList[0]->com.tajawel.autocomplete.response.pojo.Hotel["thumbnail_url"])
</error>
    <system-err><![CDATA[SLF4J: Failed to load class "org.slf4j.impl.StaticLoggerBinder".
SLF4J: Defaulting to no-operation (NOP) logger implementation
SLF4J: See http://www.slf4j.org/codes.html#StaticLoggerBinder for further details.
]]></system-err>
  </testcase>
</testsuite>